<?xml version="1.0" encoding="UTF-8"?>
<!-- Generated by org.testng.reporters.JUnitReportReporter -->
<testsuite hostname="DESKTOP-LVNM1PD" failures="0" tests="1" name="Sample_Package.NewTest" time="0.013" errors="0" timestamp="2023-01-06T16:15:02 IST" skipped="0">
  <testcase classname="Sample_Package.NewTest" name="f" time="0.013"/>
  <system-out/>
</testsuite> <!-- Sample_Package.NewTest -->
