<?xml version="1.0" encoding="UTF-8"?>
<!-- Generated by org.testng.reporters.JUnitReportReporter -->
<testsuite hostname="DESKTOP-LVNM1PD" failures="0" tests="2" name="PracticeOfTestNG.SampleTest3" time="0.003" errors="0" timestamp="2023-01-10T17:56:13 IST" skipped="0">
  <testcase classname="PracticeOfTestNG.SampleTest3" name="create3" time="0.001"/>
  <system-out>
    <![CDATA[test5]]>
  </system-out>
  <testcase classname="PracticeOfTestNG.SampleTest3" name="update3" time="0.002"/>
  <system-out>
    <![CDATA[test6]]>
  </system-out>
</testsuite> <!-- PracticeOfTestNG.SampleTest3 -->
