<?xml version="1.0" encoding="UTF-8"?>
<!-- Generated by org.testng.reporters.JUnitReportReporter -->
<testsuite hostname="DESKTOP-LVNM1PD" failures="0" tests="1" name="PracticeOfTestNG.Trail" time="4.583" errors="0" timestamp="2023-01-11T17:03:16 IST" skipped="0">
  <testcase classname="PracticeOfTestNG.Trail" name="test" time="4.583"/>
  <system-out/>
</testsuite> <!-- PracticeOfTestNG.Trail -->
