<?xml version="1.0" encoding="UTF-8"?>
<!-- Generated by org.testng.reporters.JUnitReportReporter -->
<testsuite hostname="DESKTOP-LVNM1PD" failures="0" tests="2" name="PracticeOfTestNG.SampleTest2" time="0.002" errors="0" timestamp="2023-01-10T17:56:13 IST" skipped="0">
  <testcase classname="PracticeOfTestNG.SampleTest2" name="update2" time="0.001"/>
  <system-out>
    <![CDATA[test4]]>
  </system-out>
  <testcase classname="PracticeOfTestNG.SampleTest2" name="create2" time="0.001"/>
  <system-out>
    <![CDATA[test3]]>
  </system-out>
</testsuite> <!-- PracticeOfTestNG.SampleTest2 -->
