<?xml version="1.0" encoding="UTF-8"?>
<!-- Generated by org.testng.reporters.JUnitReportReporter -->
<testsuite hostname="DESKTOP-LVNM1PD" failures="0" tests="2" name="products_Module.NewTestaaaaaa" time="0.012" errors="0" timestamp="2023-01-17T17:18:58 IST" skipped="0">
  <testcase classname="products_Module.NewTestaaaaaa" name="method3test" time="0.009"/>
  <system-out>
    <![CDATA[method3test]]>
  </system-out>
  <testcase classname="products_Module.NewTestaaaaaa" name="method6" time="0.003"/>
  <system-out>
    <![CDATA[method6]]>
  </system-out>
</testsuite> <!-- products_Module.NewTestaaaaaa -->
