<?xml version="1.0" encoding="UTF-8"?>
<!-- Generated by org.testng.reporters.JUnitReportReporter -->
<testsuite hostname="DESKTOP-LVNM1PD" failures="0" tests="1" name="Practice_Package.DataProviderTest" time="0.000" errors="0" timestamp="2023-01-09T19:13:04 IST" skipped="1">
  <testcase classname="Practice_Package.DataProviderTest" name="readData" time="0.000">
    <skipped/>
  </testcase> <!-- readData -->
  <system-out/>
</testsuite> <!-- Practice_Package.DataProviderTest -->
