<?xml version="1.0" encoding="UTF-8"?>
<!-- Generated by org.testng.reporters.JUnitReportReporter -->
<testsuite hostname="DESKTOP-LVNM1PD" failures="0" tests="3" name="Sample_Package.Practice_DataProvider" time="0.013" errors="0" timestamp="2023-01-06T16:57:01 IST" skipped="0">
  <testcase classname="Sample_Package.Practice_DataProvider" name="travel" time="0.002"/>
  <system-out/>
  <testcase classname="Sample_Package.Practice_DataProvider" name="travel" time="0.010"/>
  <system-out/>
  <testcase classname="Sample_Package.Practice_DataProvider" name="travel" time="0.001"/>
  <system-out/>
</testsuite> <!-- Sample_Package.Practice_DataProvider -->
