<?xml version="1.0" encoding="UTF-8"?>
<!-- Generated by org.testng.reporters.JUnitReportReporter -->
<testsuite hostname="DESKTOP-LVNM1PD" failures="0" tests="2" name="PracticeOfTestNG.SampleTest1" time="0.010" errors="0" timestamp="2023-01-10T17:56:13 IST" skipped="0">
  <testcase classname="PracticeOfTestNG.SampleTest1" name="create1" time="0.009"/>
  <system-out>
    <![CDATA[test1]]>
  </system-out>
  <testcase classname="PracticeOfTestNG.SampleTest1" name="update1" time="0.001"/>
  <system-out>
    <![CDATA[test2]]>
  </system-out>
</testsuite> <!-- PracticeOfTestNG.SampleTest1 -->
